bluetooth_key/build/outputs/logs/manifest-merger-debug-report.txt
-- Merging decision tree log ---
manifest
ADDED from src\main\AndroidManifest.xml:2:1-65:12
	package
		ADDED from src\main\AndroidManifest.xml:3:5-34
		INJECTED from src\main\AndroidManifest.xml
		INJECTED from src\main\AndroidManifest.xml
	android:versionName
		ADDED from src\main\AndroidManifest.xml:5:5-30
		INJECTED from src\main\AndroidManifest.xml
		INJECTED from src\main\AndroidManifest.xml
	android:versionCode
		ADDED from src\main\AndroidManifest.xml:4:5-28
		INJECTED from src\main\AndroidManifest.xml
		INJECTED from src\main\AndroidManifest.xml
	xmlns:android
		ADDED from src\main\AndroidManifest.xml:2:11-69
uses-sdk
ADDED from src\main\AndroidManifest.xml:7:5-9:41
MERGED from [com.android.support:support-v4:23.1.1] AndroidManifest.xml:20:5-43
	android:targetSdkVersion
		ADDED from src\main\AndroidManifest.xml:9:9-38
		INJECTED from src\main\AndroidManifest.xml
		INJECTED from src\main\AndroidManifest.xml
	android:minSdkVersion
		ADDED from src\main\AndroidManifest.xml:8:9-34
		INJECTED from src\main\AndroidManifest.xml
		INJECTED from src\main\AndroidManifest.xml
uses-permission#android.permission.WAKE_LOCK
ADDED from src\main\AndroidManifest.xml:11:5-68
	android:name
		ADDED from src\main\AndroidManifest.xml:11:22-65
uses-permission#android.permission.CALL_PHONE
ADDED from src\main\AndroidManifest.xml:12:5-69
	android:name
		ADDED from src\main\AndroidManifest.xml:12:22-66
uses-permission#android.permission.BLUETOOTH_ADMIN
ADDED from src\main\AndroidManifest.xml:13:5-74
	android:name
		ADDED from src\main\AndroidManifest.xml:13:22-71
uses-permission#android.permission.BLUETOOTH
ADDED from src\main\AndroidManifest.xml:14:5-68
	android:name
		ADDED from src\main\AndroidManifest.xml:14:22-65
uses-permission#android.permission.WRITE_SETTINGS
ADDED from src\main\AndroidManifest.xml:15:5-73
	android:name
		ADDED from src\main\AndroidManifest.xml:15:22-70
uses-permission#android.permission.RECEIVE_BOOT_COMPLETED
ADDED from src\main\AndroidManifest.xml:16:5-81
	android:name
		ADDED from src\main\AndroidManifest.xml:16:22-78
application
ADDED from src\main\AndroidManifest.xml:18:5-63:19
MERGED from [com.android.support:support-v4:23.1.1] AndroidManifest.xml:22:5-20
	android:label
		ADDED from src\main\AndroidManifest.xml:21:9-41
	android:allowBackup
		ADDED from src\main\AndroidManifest.xml:19:9-35
	android:icon
		ADDED from src\main\AndroidManifest.xml:20:9-45
	android:theme
		ADDED from src\main\AndroidManifest.xml:22:9-40
activity#com.example.testkey.MainActivity
ADDED from src\main\AndroidManifest.xml:23:9-41:20
	android:label
		ADDED from src\main\AndroidManifest.xml:25:13-45
	android:windowSoftInputMode
		ADDED from src\main\AndroidManifest.xml:26:13-60
	android:name
		ADDED from src\main\AndroidManifest.xml:24:13-60
intent-filter#android.intent.action.MAIN+android.intent.category.LAUNCHER
ADDED from src\main\AndroidManifest.xml:27:13-30:29
action#android.intent.action.MAIN
ADDED from src\main\AndroidManifest.xml:28:17-69
	android:name
		ADDED from src\main\AndroidManifest.xml:28:25-66
category#android.intent.category.LAUNCHER
ADDED from src\main\AndroidManifest.xml:29:17-77
	android:name
		ADDED from src\main\AndroidManifest.xml:29:27-74
intent-filter#android.intent.action.CALL_PRIVILEGED+android.intent.category.DEFAULT
ADDED from src\main\AndroidManifest.xml:31:17-35:29
	android:priority
		ADDED from src\main\AndroidManifest.xml:31:32-55
action#android.intent.action.CALL_PRIVILEGED
ADDED from src\main\AndroidManifest.xml:32:17-80
	android:name
		ADDED from src\main\AndroidManifest.xml:32:25-77
category#android.intent.category.DEFAULT
ADDED from src\main\AndroidManifest.xml:33:17-76
	android:name
		ADDED from src\main\AndroidManifest.xml:33:27-73
data
ADDED from src\main\AndroidManifest.xml:34:17-46
	android:scheme
		ADDED from src\main\AndroidManifest.xml:34:23-43
intent-filter#android.intent.action.KANGEAR_LASTREDIAL_TO_VR+android.intent.category.DEFAULT
ADDED from src\main\AndroidManifest.xml:36:13-40:29
	android:priority
		ADDED from src\main\AndroidManifest.xml:36:28-51
action#android.intent.action.KANGEAR_LASTREDIAL_TO_VR
ADDED from src\main\AndroidManifest.xml:37:17-89
	android:name
		ADDED from src\main\AndroidManifest.xml:37:25-86
receiver#com.example.testkey.MusicIntentReceiver
ADDED from src\main\AndroidManifest.xml:43:9-62:20
	android:name
		ADDED from src\main\AndroidManifest.xml:43:19-54
intent-filter#android.media.AUDIO_BECOMING_NOISY
ADDED from src\main\AndroidManifest.xml:44:13-46:29
action#android.media.AUDIO_BECOMING_NOISY
ADDED from src\main\AndroidManifest.xml:45:17-77
	android:name
		ADDED from src\main\AndroidManifest.xml:45:25-74
intent-filter#android.intent.action.MEDIA_BUTTON
ADDED from src\main\AndroidManifest.xml:47:13-49:29
action#android.intent.action.MEDIA_BUTTON
ADDED from src\main\AndroidManifest.xml:48:17-77
	android:name
		ADDED from src\main\AndroidManifest.xml:48:25-74
intent-filter#android.intent.action.VOICE_COMMAND
ADDED from src\main\AndroidManifest.xml:50:13-52:29
action#android.intent.action.VOICE_COMMAND
ADDED from src\main\AndroidManifest.xml:51:17-78
	android:name
		ADDED from src\main\AndroidManifest.xml:51:25-75
intent-filter#android.bluetooth.adapter.action.CONNECTION_STATE_CHANGED+android.intent.action.ACTION_SCREEN_ON+android.intent.action.ACTION_SHUTDOWN+android.intent.action.BOOT_COMPLETED+android.intent.action.SCREEN_OFF+android.intent.action.UPDATE_SUSPEND_TIME_BY_HAND+android.media.ACTION_SCO_AUDIO_STATE_UPDATED
ADDED from src\main\AndroidManifest.xml:53:13-61:29
action#android.intent.action.ACTION_SCREEN_ON
ADDED from src\main\AndroidManifest.xml:54:17-81
	android:name
		ADDED from src\main\AndroidManifest.xml:54:25-78
action#android.intent.action.SCREEN_OFF
ADDED from src\main\AndroidManifest.xml:55:17-75
	android:name
		ADDED from src\main\AndroidManifest.xml:55:25-72
action#android.bluetooth.adapter.action.CONNECTION_STATE_CHANGED
ADDED from src\main\AndroidManifest.xml:56:17-100
	android:name
		ADDED from src\main\AndroidManifest.xml:56:25-97
action#android.media.ACTION_SCO_AUDIO_STATE_UPDATED
ADDED from src\main\AndroidManifest.xml:57:17-87
	android:name
		ADDED from src\main\AndroidManifest.xml:57:25-84
action#android.intent.action.ACTION_SHUTDOWN
ADDED from src\main\AndroidManifest.xml:58:17-79
	android:name
		ADDED from src\main\AndroidManifest.xml:58:25-77
action#android.intent.action.BOOT_COMPLETED
ADDED from src\main\AndroidManifest.xml:59:17-79
	android:name
		ADDED from src\main\AndroidManifest.xml:59:25-76
action#android.intent.action.UPDATE_SUSPEND_TIME_BY_HAND
ADDED from src\main\AndroidManifest.xml:60:17-92
	android:name
		ADDED from src\main\AndroidManifest.xml:60:25-89